<?xml version="1.0" encoding="UTF-8"?>
<!-- Generated by org.testng.reporters.JUnitXMLReporter -->
<testsuite ignored="0" hostname="DESKTOP-JP71GCP" failures="1" tests="1" name="Test" time="0.069" errors="0" timestamp="2024-06-21T18:23:07 IST">
  <testcase classname="testRunner.SlideTeam_Login_TC_1" name="ST_TC_1" time="0.021">
    <failure type="org.testng.internal.reflect.MethodMatcherException" message="
[public void testRunner.SlideTeam_Login_TC_1.ST_TC_1(java.lang.String,java.lang.String)] has no parameters defined but was found to be using a data provider (either explicitly specified or inherited from class level annotation).
Data provider mismatch
Method: ST_TC_1([java.lang.String arg0, java.lang.String arg1])
Arguments: [(java.lang.String) Valid Deatils,(java.lang.String) testuser27thapril@gmail.com,(java.lang.String) 123456]">
      <![CDATA[org.testng.internal.reflect.MethodMatcherException: 
[public void testRunner.SlideTeam_Login_TC_1.ST_TC_1(java.lang.String,java.lang.String)] has no parameters defined but was found to be using a data provider (either explicitly specified or inherited from class level annotation).
Data provider mismatch
Method: ST_TC_1([java.lang.String arg0, java.lang.String arg1])
Arguments: [(java.lang.String) Valid Deatils,(java.lang.String) testuser27thapril@gmail.com,(java.lang.String) 123456]
at java.base/java.util.ArrayList.forEach(ArrayList.java:1511)
... Removed 22 stack frames]]>
    </failure>
  </testcase> <!-- ST_TC_1 -->
</testsuite> <!-- Test -->
